<?xml version="1.0" encoding="utf-8"?><testsuites name="pytest tests"><testsuite name="pytest" errors="0" failures="6" skipped="0" tests="30" time="6.352" timestamp="2025-12-17T16:34:49.941230+05:30" hostname="DESKTOP-5OAUVOF"><testcase classname="tests.test_update_profile_ddt" name="test_update_profile_ddt[valid_update_all_fields]" time="0.497" /><testcase classname="tests.test_update_profile_ddt" name="test_update_profile_ddt[no_changes_detected]" time="0.166" /><testcase classname="tests.test_update_profile_ddt" name="test_update_profile_ddt[missing_all_fields]" time="0.172" /><testcase classname="tests.test_update_profile_ddt" name="test_update_profile_ddt[missing_name]" time="0.171" /><testcase classname="tests.test_update_profile_ddt" name="test_update_profile_ddt[missing_email]" time="0.155" /><testcase classname="tests.test_update_profile_ddt" name="test_update_profile_ddt[missing_phone]" time="0.183" /><testcase classname="tests.test_update_profile_ddt" name="test_update_profile_ddt[name_whitespace_only]" time="0.171"><failure message="AssertionError: Expected 400, got 500. Body: {&quot;message&quot;:&quot;Internal server error while updating profile&quot;}&#10;assert 500 == 400&#10; +  where 500 = &lt;Response [500]&gt;.status_code">case = {'description': 'Name with only whitespace', 'expected_status': 400, 'name': 'name_whitespace_only', 'payload': {'email': 'aravind.m@gndsolutions.in', 'name': '   ', 'phone': '9398634487'}}
auth_token = '{"access": "BqJtGID9MgOcNt8ztaq8DVnmQyybpWw0CIk3lhNphyLalQxIeI+iYkz+9hiaH5IUXX/BSQBocbQd2nqdyB7SeVm65SH9zcn0dEfy+WL1Q...HzHCZ3oWdaFoXUqguRaP7EQU9AGsd/fuh7phpwhzFF47jJF+F8GFvDvXUxMfSvhKhdrPfq8K3Gamio0T8cfsdFWkOnbvxKBSigK0ET7sdzCSHJyx6w=="}'

    @pytest.mark.parametrize("case", TEST_CASES, ids=[c["name"] for c in TEST_CASES])
    def test_update_profile_ddt(case, auth_token):
    
        # deepcopy to avoid modifying the original test data across iterations
        payload = copy.deepcopy(case["payload"])
    
        # Handle Dynamic Data Generation
        if payload.get("name") == "DYNAMIC_NAME":
            random_suffix = ''.join(random.choices(string.ascii_uppercase, k=4))
            payload["name"] = f"Aravind{random_suffix}"
    
        if payload.get("phone") == "DYNAMIC_PHONE":
             # Generate random 10 digit number starting with 9
            random_digits = ''.join(random.choices(string.digits, k=9))
            payload["phone"] = f"9{random_digits}"
    
        headers = {"Content-Type": "application/json"}
        if case.get("include_auth", True):
            headers["Authorization"] = f"Bearer {auth_token}"
    
        response = requests.put(
            UPDATE_PROFILE_URL,
            json=payload,
            headers=headers,
            timeout=30,
            verify=False
        )
    
        print("Status:", response.status_code)
        print("Body:", response.text)
    
        expected = case["expected_status"]
        if isinstance(expected, list):
            assert response.status_code in expected, f"Expected one of {expected}, got {response.status_code}. Body: {response.text}"
        else:
&gt;           assert response.status_code == expected, f"Expected {expected}, got {response.status_code}. Body: {response.text}"
E           AssertionError: Expected 400, got 500. Body: {"message":"Internal server error while updating profile"}
E           assert 500 == 400
E            +  where 500 = &lt;Response [500]&gt;.status_code

tests\test_update_profile_ddt.py:58: AssertionError</failure></testcase><testcase classname="tests.test_update_profile_ddt" name="test_update_profile_ddt[name_single_char]" time="0.169" /><testcase classname="tests.test_update_profile_ddt" name="test_update_profile_ddt[name_max_length_exceeded]" time="0.232"><failure message="AssertionError: Expected 400, got 200. Body: {&quot;message&quot;:&quot;Profile updated successfully&quot;,&quot;user&quot;:{&quot;_id&quot;:&quot;68888eb1d61f74421e12f99f&quot;,&quot;email&quot;:&quot;aravind.m@gndsolutions.in&quot;,&quot;username&quot;:&quot;AravindMMAravindMMAravindMMAravindMMAravindMMAravindMMAravindMMAravindMMAravindMM&quot;,&quot;phone&quot;:&quot;9398634487&quot;,&quot;role&quot;:&quot;ADMIN&quot;,&quot;apps&quot;:[&quot;thinxfresh&quot;,&quot;thinxflow&quot;,&quot;thinxview&quot;,&quot;thinxsense&quot;],&quot;is_active&quot;:true,&quot;date_display_format&quot;:&quot;MM/DD/YYYY&quot;,&quot;temperature_unit&quot;:&quot;C&quot;,&quot;time_display_mode&quot;:&quot;USER_LOCAL&quot;,&quot;time_zone&quot;:&quot;Asia/Kolkata&quot;,&quot;updatedAt&quot;:&quot;2025-12-17T11:04:51.759Z&quot;}}&#10;assert 200 == 400&#10; +  where 200 = &lt;Response [200]&gt;.status_code">case = {'description': 'Name exceeding typical max length (e.g. 50+ chars)', 'expected_status': 400, 'name': 'name_max_length...', 'name': 'AravindMMAravindMMAravindMMAravindMMAravindMMAravindMMAravindMMAravindMMAravindMM', 'phone': '9398634487'}}
auth_token = '{"access": "BqJtGID9MgOcNt8ztaq8DVnmQyybpWw0CIk3lhNphyLalQxIeI+iYkz+9hiaH5IUXX/BSQBocbQd2nqdyB7SeVm65SH9zcn0dEfy+WL1Q...HzHCZ3oWdaFoXUqguRaP7EQU9AGsd/fuh7phpwhzFF47jJF+F8GFvDvXUxMfSvhKhdrPfq8K3Gamio0T8cfsdFWkOnbvxKBSigK0ET7sdzCSHJyx6w=="}'

    @pytest.mark.parametrize("case", TEST_CASES, ids=[c["name"] for c in TEST_CASES])
    def test_update_profile_ddt(case, auth_token):
    
        # deepcopy to avoid modifying the original test data across iterations
        payload = copy.deepcopy(case["payload"])
    
        # Handle Dynamic Data Generation
        if payload.get("name") == "DYNAMIC_NAME":
            random_suffix = ''.join(random.choices(string.ascii_uppercase, k=4))
            payload["name"] = f"Aravind{random_suffix}"
    
        if payload.get("phone") == "DYNAMIC_PHONE":
             # Generate random 10 digit number starting with 9
            random_digits = ''.join(random.choices(string.digits, k=9))
            payload["phone"] = f"9{random_digits}"
    
        headers = {"Content-Type": "application/json"}
        if case.get("include_auth", True):
            headers["Authorization"] = f"Bearer {auth_token}"
    
        response = requests.put(
            UPDATE_PROFILE_URL,
            json=payload,
            headers=headers,
            timeout=30,
            verify=False
        )
    
        print("Status:", response.status_code)
        print("Body:", response.text)
    
        expected = case["expected_status"]
        if isinstance(expected, list):
            assert response.status_code in expected, f"Expected one of {expected}, got {response.status_code}. Body: {response.text}"
        else:
&gt;           assert response.status_code == expected, f"Expected {expected}, got {response.status_code}. Body: {response.text}"
E           AssertionError: Expected 400, got 200. Body: {"message":"Profile updated successfully","user":{"_id":"68888eb1d61f74421e12f99f","email":"aravind.m@gndsolutions.in","username":"AravindMMAravindMMAravindMMAravindMMAravindMMAravindMMAravindMMAravindMMAravindMM","phone":"9398634487","role":"ADMIN","apps":["thinxfresh","thinxflow","thinxview","thinxsense"],"is_active":true,"date_display_format":"MM/DD/YYYY","temperature_unit":"C","time_display_mode":"USER_LOCAL","time_zone":"Asia/Kolkata","updatedAt":"2025-12-17T11:04:51.759Z"}}
E           assert 200 == 400
E            +  where 200 = &lt;Response [200]&gt;.status_code

tests\test_update_profile_ddt.py:58: AssertionError</failure></testcase><testcase classname="tests.test_update_profile_ddt" name="test_update_profile_ddt[name_with_numbers]" time="0.157" /><testcase classname="tests.test_update_profile_ddt" name="test_update_profile_ddt[name_with_special_chars]" time="0.177"><failure message="AssertionError: Expected 400, got 200. Body: {&quot;message&quot;:&quot;Profile updated successfully&quot;,&quot;user&quot;:{&quot;_id&quot;:&quot;68888eb1d61f74421e12f99f&quot;,&quot;email&quot;:&quot;aravind.m@gndsolutions.in&quot;,&quot;username&quot;:&quot;Aravind@&quot;,&quot;phone&quot;:&quot;9398634487&quot;,&quot;role&quot;:&quot;ADMIN&quot;,&quot;apps&quot;:[&quot;thinxfresh&quot;,&quot;thinxflow&quot;,&quot;thinxview&quot;,&quot;thinxsense&quot;],&quot;is_active&quot;:true,&quot;date_display_format&quot;:&quot;MM/DD/YYYY&quot;,&quot;temperature_unit&quot;:&quot;C&quot;,&quot;time_display_mode&quot;:&quot;USER_LOCAL&quot;,&quot;time_zone&quot;:&quot;Asia/Kolkata&quot;,&quot;updatedAt&quot;:&quot;2025-12-17T11:04:52.119Z&quot;}}&#10;assert 200 == 400&#10; +  where 200 = &lt;Response [200]&gt;.status_code">case = {'description': 'Name containing special characters', 'expected_status': 400, 'name': 'name_with_special_chars', 'payload': {'email': 'aravind.m@gndsolutions.in', 'name': 'Aravind@#$', 'phone': '9398634487'}}
auth_token = '{"access": "BqJtGID9MgOcNt8ztaq8DVnmQyybpWw0CIk3lhNphyLalQxIeI+iYkz+9hiaH5IUXX/BSQBocbQd2nqdyB7SeVm65SH9zcn0dEfy+WL1Q...HzHCZ3oWdaFoXUqguRaP7EQU9AGsd/fuh7phpwhzFF47jJF+F8GFvDvXUxMfSvhKhdrPfq8K3Gamio0T8cfsdFWkOnbvxKBSigK0ET7sdzCSHJyx6w=="}'

    @pytest.mark.parametrize("case", TEST_CASES, ids=[c["name"] for c in TEST_CASES])
    def test_update_profile_ddt(case, auth_token):
    
        # deepcopy to avoid modifying the original test data across iterations
        payload = copy.deepcopy(case["payload"])
    
        # Handle Dynamic Data Generation
        if payload.get("name") == "DYNAMIC_NAME":
            random_suffix = ''.join(random.choices(string.ascii_uppercase, k=4))
            payload["name"] = f"Aravind{random_suffix}"
    
        if payload.get("phone") == "DYNAMIC_PHONE":
             # Generate random 10 digit number starting with 9
            random_digits = ''.join(random.choices(string.digits, k=9))
            payload["phone"] = f"9{random_digits}"
    
        headers = {"Content-Type": "application/json"}
        if case.get("include_auth", True):
            headers["Authorization"] = f"Bearer {auth_token}"
    
        response = requests.put(
            UPDATE_PROFILE_URL,
            json=payload,
            headers=headers,
            timeout=30,
            verify=False
        )
    
        print("Status:", response.status_code)
        print("Body:", response.text)
    
        expected = case["expected_status"]
        if isinstance(expected, list):
            assert response.status_code in expected, f"Expected one of {expected}, got {response.status_code}. Body: {response.text}"
        else:
&gt;           assert response.status_code == expected, f"Expected {expected}, got {response.status_code}. Body: {response.text}"
E           AssertionError: Expected 400, got 200. Body: {"message":"Profile updated successfully","user":{"_id":"68888eb1d61f74421e12f99f","email":"aravind.m@gndsolutions.in","username":"Aravind@","phone":"9398634487","role":"ADMIN","apps":["thinxfresh","thinxflow","thinxview","thinxsense"],"is_active":true,"date_display_format":"MM/DD/YYYY","temperature_unit":"C","time_display_mode":"USER_LOCAL","time_zone":"Asia/Kolkata","updatedAt":"2025-12-17T11:04:52.119Z"}}
E           assert 200 == 400
E            +  where 200 = &lt;Response [200]&gt;.status_code

tests\test_update_profile_ddt.py:58: AssertionError</failure></testcase><testcase classname="tests.test_update_profile_ddt" name="test_update_profile_ddt[invalid_email_format]" time="0.180" /><testcase classname="tests.test_update_profile_ddt" name="test_update_profile_ddt[invalid_email_no_at]" time="0.173" /><testcase classname="tests.test_update_profile_ddt" name="test_update_profile_ddt[invalid_email_no_dot]" time="0.192" /><testcase classname="tests.test_update_profile_ddt" name="test_update_profile_ddt[invalid_email_domain]" time="0.161" /><testcase classname="tests.test_update_profile_ddt" name="test_update_profile_ddt[email_uppercase]" time="0.235" /><testcase classname="tests.test_update_profile_ddt" name="test_update_profile_ddt[invalid_phone_alpha]" time="0.199" /><testcase classname="tests.test_update_profile_ddt" name="test_update_profile_ddt[invalid_phone_special_chars]" time="0.172" /><testcase classname="tests.test_update_profile_ddt" name="test_update_profile_ddt[invalid_phone_short]" time="0.181" /><testcase classname="tests.test_update_profile_ddt" name="test_update_profile_ddt[invalid_phone_long]" time="0.186"><failure message="AssertionError: Expected 400, got 200. Body: {&quot;message&quot;:&quot;Profile updated successfully&quot;,&quot;user&quot;:{&quot;_id&quot;:&quot;68888eb1d61f74421e12f99f&quot;,&quot;email&quot;:&quot;aravind.m@gndsolutions.in&quot;,&quot;username&quot;:&quot;AravindMM&quot;,&quot;phone&quot;:&quot;939863448700&quot;,&quot;role&quot;:&quot;ADMIN&quot;,&quot;apps&quot;:[&quot;thinxfresh&quot;,&quot;thinxflow&quot;,&quot;thinxview&quot;,&quot;thinxsense&quot;],&quot;is_active&quot;:true,&quot;date_display_format&quot;:&quot;MM/DD/YYYY&quot;,&quot;temperature_unit&quot;:&quot;C&quot;,&quot;time_display_mode&quot;:&quot;USER_LOCAL&quot;,&quot;time_zone&quot;:&quot;Asia/Kolkata&quot;,&quot;updatedAt&quot;:&quot;2025-12-17T11:04:53.836Z&quot;}}&#10;assert 200 == 400&#10; +  where 200 = &lt;Response [200]&gt;.status_code">case = {'description': 'Phone more than 10 digits', 'expected_status': 400, 'name': 'invalid_phone_long', 'payload': {'email': 'aravind.m@gndsolutions.in', 'name': 'AravindMM', 'phone': '939863448700'}}
auth_token = '{"access": "BqJtGID9MgOcNt8ztaq8DVnmQyybpWw0CIk3lhNphyLalQxIeI+iYkz+9hiaH5IUXX/BSQBocbQd2nqdyB7SeVm65SH9zcn0dEfy+WL1Q...HzHCZ3oWdaFoXUqguRaP7EQU9AGsd/fuh7phpwhzFF47jJF+F8GFvDvXUxMfSvhKhdrPfq8K3Gamio0T8cfsdFWkOnbvxKBSigK0ET7sdzCSHJyx6w=="}'

    @pytest.mark.parametrize("case", TEST_CASES, ids=[c["name"] for c in TEST_CASES])
    def test_update_profile_ddt(case, auth_token):
    
        # deepcopy to avoid modifying the original test data across iterations
        payload = copy.deepcopy(case["payload"])
    
        # Handle Dynamic Data Generation
        if payload.get("name") == "DYNAMIC_NAME":
            random_suffix = ''.join(random.choices(string.ascii_uppercase, k=4))
            payload["name"] = f"Aravind{random_suffix}"
    
        if payload.get("phone") == "DYNAMIC_PHONE":
             # Generate random 10 digit number starting with 9
            random_digits = ''.join(random.choices(string.digits, k=9))
            payload["phone"] = f"9{random_digits}"
    
        headers = {"Content-Type": "application/json"}
        if case.get("include_auth", True):
            headers["Authorization"] = f"Bearer {auth_token}"
    
        response = requests.put(
            UPDATE_PROFILE_URL,
            json=payload,
            headers=headers,
            timeout=30,
            verify=False
        )
    
        print("Status:", response.status_code)
        print("Body:", response.text)
    
        expected = case["expected_status"]
        if isinstance(expected, list):
            assert response.status_code in expected, f"Expected one of {expected}, got {response.status_code}. Body: {response.text}"
        else:
&gt;           assert response.status_code == expected, f"Expected {expected}, got {response.status_code}. Body: {response.text}"
E           AssertionError: Expected 400, got 200. Body: {"message":"Profile updated successfully","user":{"_id":"68888eb1d61f74421e12f99f","email":"aravind.m@gndsolutions.in","username":"AravindMM","phone":"939863448700","role":"ADMIN","apps":["thinxfresh","thinxflow","thinxview","thinxsense"],"is_active":true,"date_display_format":"MM/DD/YYYY","temperature_unit":"C","time_display_mode":"USER_LOCAL","time_zone":"Asia/Kolkata","updatedAt":"2025-12-17T11:04:53.836Z"}}
E           assert 200 == 400
E            +  where 200 = &lt;Response [200]&gt;.status_code

tests\test_update_profile_ddt.py:58: AssertionError</failure></testcase><testcase classname="tests.test_update_profile_ddt" name="test_update_profile_ddt[phone_starts_with_0]" time="0.214" /><testcase classname="tests.test_update_profile_ddt" name="test_update_profile_ddt[phone_all_zeros]" time="0.204"><failure message="AssertionError: Expected 400, got 200. Body: {&quot;message&quot;:&quot;Profile updated successfully&quot;,&quot;user&quot;:{&quot;_id&quot;:&quot;68888eb1d61f74421e12f99f&quot;,&quot;email&quot;:&quot;aravind.m@gndsolutions.in&quot;,&quot;username&quot;:&quot;AravindMM&quot;,&quot;phone&quot;:&quot;0000000000&quot;,&quot;role&quot;:&quot;ADMIN&quot;,&quot;apps&quot;:[&quot;thinxfresh&quot;,&quot;thinxflow&quot;,&quot;thinxview&quot;,&quot;thinxsense&quot;],&quot;is_active&quot;:true,&quot;date_display_format&quot;:&quot;MM/DD/YYYY&quot;,&quot;temperature_unit&quot;:&quot;C&quot;,&quot;time_display_mode&quot;:&quot;USER_LOCAL&quot;,&quot;time_zone&quot;:&quot;Asia/Kolkata&quot;,&quot;updatedAt&quot;:&quot;2025-12-17T11:04:54.266Z&quot;}}&#10;assert 200 == 400&#10; +  where 200 = &lt;Response [200]&gt;.status_code">case = {'description': 'Phone with all zeros', 'expected_status': 400, 'name': 'phone_all_zeros', 'payload': {'email': 'aravind.m@gndsolutions.in', 'name': 'AravindMM', 'phone': '0000000000'}}
auth_token = '{"access": "BqJtGID9MgOcNt8ztaq8DVnmQyybpWw0CIk3lhNphyLalQxIeI+iYkz+9hiaH5IUXX/BSQBocbQd2nqdyB7SeVm65SH9zcn0dEfy+WL1Q...HzHCZ3oWdaFoXUqguRaP7EQU9AGsd/fuh7phpwhzFF47jJF+F8GFvDvXUxMfSvhKhdrPfq8K3Gamio0T8cfsdFWkOnbvxKBSigK0ET7sdzCSHJyx6w=="}'

    @pytest.mark.parametrize("case", TEST_CASES, ids=[c["name"] for c in TEST_CASES])
    def test_update_profile_ddt(case, auth_token):
    
        # deepcopy to avoid modifying the original test data across iterations
        payload = copy.deepcopy(case["payload"])
    
        # Handle Dynamic Data Generation
        if payload.get("name") == "DYNAMIC_NAME":
            random_suffix = ''.join(random.choices(string.ascii_uppercase, k=4))
            payload["name"] = f"Aravind{random_suffix}"
    
        if payload.get("phone") == "DYNAMIC_PHONE":
             # Generate random 10 digit number starting with 9
            random_digits = ''.join(random.choices(string.digits, k=9))
            payload["phone"] = f"9{random_digits}"
    
        headers = {"Content-Type": "application/json"}
        if case.get("include_auth", True):
            headers["Authorization"] = f"Bearer {auth_token}"
    
        response = requests.put(
            UPDATE_PROFILE_URL,
            json=payload,
            headers=headers,
            timeout=30,
            verify=False
        )
    
        print("Status:", response.status_code)
        print("Body:", response.text)
    
        expected = case["expected_status"]
        if isinstance(expected, list):
            assert response.status_code in expected, f"Expected one of {expected}, got {response.status_code}. Body: {response.text}"
        else:
&gt;           assert response.status_code == expected, f"Expected {expected}, got {response.status_code}. Body: {response.text}"
E           AssertionError: Expected 400, got 200. Body: {"message":"Profile updated successfully","user":{"_id":"68888eb1d61f74421e12f99f","email":"aravind.m@gndsolutions.in","username":"AravindMM","phone":"0000000000","role":"ADMIN","apps":["thinxfresh","thinxflow","thinxview","thinxsense"],"is_active":true,"date_display_format":"MM/DD/YYYY","temperature_unit":"C","time_display_mode":"USER_LOCAL","time_zone":"Asia/Kolkata","updatedAt":"2025-12-17T11:04:54.266Z"}}
E           assert 200 == 400
E            +  where 200 = &lt;Response [200]&gt;.status_code

tests\test_update_profile_ddt.py:58: AssertionError</failure></testcase><testcase classname="tests.test_update_profile_ddt" name="test_update_profile_ddt[payload_with_extra_fields]" time="0.210" /><testcase classname="tests.test_update_profile_ddt" name="test_update_profile_ddt[payload_null_values]" time="0.173" /><testcase classname="tests.test_update_profile_ddt" name="test_update_profile_ddt[payload_incorrect_types]" time="0.172"><failure message="AssertionError: Expected 400, got 200. Body: {&quot;message&quot;:&quot;Profile updated successfully&quot;,&quot;user&quot;:{&quot;_id&quot;:&quot;68888eb1d61f74421e12f99f&quot;,&quot;email&quot;:&quot;aravind.m@gndsolutions.in&quot;,&quot;username&quot;:&quot;12345&quot;,&quot;phone&quot;:&quot;9398634487&quot;,&quot;role&quot;:&quot;ADMIN&quot;,&quot;apps&quot;:[&quot;thinxfresh&quot;,&quot;thinxflow&quot;,&quot;thinxview&quot;,&quot;thinxsense&quot;],&quot;is_active&quot;:true,&quot;date_display_format&quot;:&quot;MM/DD/YYYY&quot;,&quot;temperature_unit&quot;:&quot;C&quot;,&quot;time_display_mode&quot;:&quot;USER_LOCAL&quot;,&quot;time_zone&quot;:&quot;Asia/Kolkata&quot;,&quot;updatedAt&quot;:&quot;2025-12-17T11:04:54.834Z&quot;}}&#10;assert 200 == 400&#10; +  where 200 = &lt;Response [200]&gt;.status_code">case = {'description': 'Incorrect data types (integer for name)', 'expected_status': 400, 'name': 'payload_incorrect_types', 'payload': {'email': 'aravind.m@gndsolutions.in', 'name': 12345, 'phone': '9398634487'}}
auth_token = '{"access": "BqJtGID9MgOcNt8ztaq8DVnmQyybpWw0CIk3lhNphyLalQxIeI+iYkz+9hiaH5IUXX/BSQBocbQd2nqdyB7SeVm65SH9zcn0dEfy+WL1Q...HzHCZ3oWdaFoXUqguRaP7EQU9AGsd/fuh7phpwhzFF47jJF+F8GFvDvXUxMfSvhKhdrPfq8K3Gamio0T8cfsdFWkOnbvxKBSigK0ET7sdzCSHJyx6w=="}'

    @pytest.mark.parametrize("case", TEST_CASES, ids=[c["name"] for c in TEST_CASES])
    def test_update_profile_ddt(case, auth_token):
    
        # deepcopy to avoid modifying the original test data across iterations
        payload = copy.deepcopy(case["payload"])
    
        # Handle Dynamic Data Generation
        if payload.get("name") == "DYNAMIC_NAME":
            random_suffix = ''.join(random.choices(string.ascii_uppercase, k=4))
            payload["name"] = f"Aravind{random_suffix}"
    
        if payload.get("phone") == "DYNAMIC_PHONE":
             # Generate random 10 digit number starting with 9
            random_digits = ''.join(random.choices(string.digits, k=9))
            payload["phone"] = f"9{random_digits}"
    
        headers = {"Content-Type": "application/json"}
        if case.get("include_auth", True):
            headers["Authorization"] = f"Bearer {auth_token}"
    
        response = requests.put(
            UPDATE_PROFILE_URL,
            json=payload,
            headers=headers,
            timeout=30,
            verify=False
        )
    
        print("Status:", response.status_code)
        print("Body:", response.text)
    
        expected = case["expected_status"]
        if isinstance(expected, list):
            assert response.status_code in expected, f"Expected one of {expected}, got {response.status_code}. Body: {response.text}"
        else:
&gt;           assert response.status_code == expected, f"Expected {expected}, got {response.status_code}. Body: {response.text}"
E           AssertionError: Expected 400, got 200. Body: {"message":"Profile updated successfully","user":{"_id":"68888eb1d61f74421e12f99f","email":"aravind.m@gndsolutions.in","username":"12345","phone":"9398634487","role":"ADMIN","apps":["thinxfresh","thinxflow","thinxview","thinxsense"],"is_active":true,"date_display_format":"MM/DD/YYYY","temperature_unit":"C","time_display_mode":"USER_LOCAL","time_zone":"Asia/Kolkata","updatedAt":"2025-12-17T11:04:54.834Z"}}
E           assert 200 == 400
E            +  where 200 = &lt;Response [200]&gt;.status_code

tests\test_update_profile_ddt.py:58: AssertionError</failure></testcase><testcase classname="tests.test_update_profile_ddt" name="test_update_profile_ddt[empty_string_name]" time="0.157" /><testcase classname="tests.test_update_profile_ddt" name="test_update_profile_ddt[empty_string_phone]" time="0.223" /><testcase classname="tests.test_update_profile_ddt" name="test_update_profile_ddt[empty_string_email]" time="0.166" /><testcase classname="tests.test_update_profile_ddt" name="test_update_profile_ddt[update_phone_only]" time="0.246" /><testcase classname="tests.test_update_profile_ddt" name="test_update_profile_ddt[unauthorized_no_token]" time="0.183" /></testsuite></testsuites>